<?xml version="1.0" encoding="UTF-8"?>
<testng-results skipped="0" failed="0" total="1" passed="1">
  <reporter-output>
  </reporter-output>
  <suite name="Default suite" duration-ms="95400" started-at="2019-11-28T18:35:06Z" finished-at="2019-11-28T18:36:41Z">
    <groups>
    </groups>
    <test name="Default test" duration-ms="95400" started-at="2019-11-28T18:35:06Z" finished-at="2019-11-28T18:36:41Z">
      <class name="Selenium.Assignment1">
        <test-method status="PASS" signature="createIncident()[pri:0, instance:Selenium.Assignment1@7823a2f9]" name="createIncident" duration-ms="95334" started-at="2019-11-29T05:35:06Z" finished-at="2019-11-29T05:36:41Z">
          <reporter-output>
          </reporter-output>
        </test-method> <!-- createIncident -->
      </class> <!-- Selenium.Assignment1 -->
    </test> <!-- Default test -->
  </suite> <!-- Default suite -->
</testng-results>
